<?xml version="1.0" encoding="UTF-8"?>
<!-- Generated by org.testng.reporters.JUnitReportReporter -->
<testsuite skipped="0" hostname="Kunals-MacBook-Pro.local" name="main.ExecuteTest" tests="3" failures="0" timestamp="2022-07-18T08:41:00 IST" time="0.004" errors="0">
  <testcase name="testProcessWithPropsFile" time="0.001" classname="main.ExecuteTest"/>
  <system-out/>
  <testcase name="testProcess" time="0.002" classname="main.ExecuteTest"/>
  <system-out/>
  <testcase name="testProcessFail" time="0.001" classname="main.ExecuteTest"/>
  <system-out/>
</testsuite> <!-- main.ExecuteTest -->
