<?xml version="1.0" encoding="UTF-8"?>
<!-- Generated by org.testng.reporters.JUnitReportReporter -->
<testsuite skipped="0" hostname="Kunals-MacBook-Pro.local" name="utils.RestApiPropertiesReaderTest" tests="2" failures="0" timestamp="2022-07-17T15:19:51 IST" time="0.007" errors="0">
  <testcase name="testGetRestPropertiesWithDefaults" time="0.007" classname="utils.RestApiPropertiesReaderTest"/>
  <system-out/>
  <testcase name="testGetRestPropertiesWithProperties" time="0.000" classname="utils.RestApiPropertiesReaderTest"/>
  <system-out/>
</testsuite> <!-- utils.RestApiPropertiesReaderTest -->
