<?xml version="1.0" encoding="UTF-8"?>
<!-- Generated by org.testng.reporters.JUnitReportReporter -->
<testsuite skipped="0" hostname="Kunals-MacBook-Pro.local" name="lib.impl.RestPostImplTest" tests="1" failures="0" timestamp="2022-07-18T08:41:00 IST" time="0.890" errors="0">
  <testcase name="testCallPostSuccess" time="0.890" classname="lib.impl.RestPostImplTest"/>
  <system-out/>
</testsuite> <!-- lib.impl.RestPostImplTest -->
