<?xml version="1.0" encoding="UTF-8"?>
<!-- Generated by org.testng.reporters.JUnitReportReporter -->
<testsuite skipped="0" hostname="Kunals-MacBook-Pro.local" name="lib.impl.RestPostImplTest" tests="1" failures="0" timestamp="2022-07-17T14:50:15 IST" time="1.461" errors="0">
  <testcase name="testCallPostSuccess" time="1.461" classname="lib.impl.RestPostImplTest"/>
  <system-out/>
</testsuite> <!-- lib.impl.RestPostImplTest -->
