<?xml version="1.0" encoding="UTF-8"?>
<!-- Generated by org.testng.reporters.JUnitReportReporter -->
<testsuite skipped="0" hostname="Kunals-MacBook-Pro.local" name="lib.impl.RestGetImplTest" tests="1" failures="0" timestamp="2022-07-18T08:41:00 IST" time="1.383" errors="0">
  <testcase name="testCallGetSuccess" time="1.383" classname="lib.impl.RestGetImplTest"/>
  <system-out/>
</testsuite> <!-- lib.impl.RestGetImplTest -->
