<?xml version="1.0" encoding="UTF-8"?>
<!-- Generated by org.testng.reporters.JUnitReportReporter -->
<testsuite skipped="0" hostname="Kunals-MacBook-Pro.local" name="lib.po.validator.RequestValidatorTest" tests="2" failures="0" timestamp="2022-07-18T08:41:00 IST" time="0.000" errors="0">
  <testcase name="testValidateRestRequest" time="0.000" classname="lib.po.validator.RequestValidatorTest"/>
  <system-out/>
  <testcase name="testValidateRequestParam" time="0.000" classname="lib.po.validator.RequestValidatorTest"/>
  <system-out/>
</testsuite> <!-- lib.po.validator.RequestValidatorTest -->
